<?xml version="1.0" encoding="UTF-8"?>
<!-- Generated by org.testng.reporters.JUnitXMLReporter -->
<testsuite ignored="3" hostname="DESKTOP-KD0AJIH" failures="0" tests="1" name="DropdownTests" time="30.972" errors="0" timestamp="2025-08-27T17:27:37 IST">
  <testcase classname="org.automation.DropDownTestCase" name="selectAllDropDownOptions" time="26.47"/>
  <testcase classname="org.automation.DropDownTestCase" name="selectAllDropDownByIndex" time="0.0">
    <ignored/>
  </testcase> <!-- selectAllDropDownByIndex -->
  <testcase classname="org.automation.DropDownTestCase" name="selectAllDropDownByText" time="0.0">
    <ignored/>
  </testcase> <!-- selectAllDropDownByText -->
  <testcase classname="org.automation.DropDownTestCase" name="selectAllDropDownByValue" time="0.0">
    <ignored/>
  </testcase> <!-- selectAllDropDownByValue -->
</testsuite> <!-- DropdownTests -->
