<?xml version="1.0" encoding="UTF-8"?>
<!-- Generated by org.testng.reporters.JUnitXMLReporter -->
<testsuite ignored="3" hostname="DESKTOP-KD0AJIH" failures="0" tests="2" name="Default test" time="39.142" errors="0" timestamp="2025-10-14T17:45:10 IST">
  <testcase classname="org.automation.CheckOutTestCase" name="addAnyItemToCartWithDynamicSelector" time="15.149"/>
  <testcase classname="org.automation.CheckOutTestCase" name="addAnyItemToCartWithDynamicSelector" time="15.152"/>
  <testcase classname="org.automation.CheckOutTestCase" name="checkingOutTestCase" time="0.0">
    <ignored/>
  </testcase> <!-- checkingOutTestCase -->
  <testcase classname="org.automation.CheckOutTestCase" name="checkingOutWithRegistrationTestCase" time="0.0">
    <ignored/>
  </testcase> <!-- checkingOutWithRegistrationTestCase -->
  <testcase classname="org.automation.CheckOutTestCase" name="addAllItemsOnPageOneToCartAndCheckOutTest" time="0.0">
    <ignored/>
  </testcase> <!-- addAllItemsOnPageOneToCartAndCheckOutTest -->
</testsuite> <!-- Default test -->
