<?xml version="1.0" encoding="UTF-8"?>
<!-- Generated by org.testng.reporters.JUnitXMLReporter -->
<testsuite ignored="6" hostname="DESKTOP-KD0AJIH" failures="0" tests="1" name="Default test" time="12.037" errors="0" timestamp="2025-09-20T15:54:46 IST">
  <testcase classname="org.automation.LoginRegisterTestCases" name="validate_AccountPage_Landing" time="6.754"/>
  <testcase classname="org.automation.LoginRegisterTestCases" name="loginWithValidCredentials" time="0.0">
    <ignored/>
  </testcase> <!-- loginWithValidCredentials -->
  <testcase classname="org.automation.LoginRegisterTestCases" name="validate_With_EmptyPasswordField" time="0.0">
    <ignored/>
  </testcase> <!-- validate_With_EmptyPasswordField -->
  <testcase classname="org.automation.LoginRegisterTestCases" name="validate_WronginputEntered_In_UserNameField" time="0.0">
    <ignored/>
  </testcase> <!-- validate_WronginputEntered_In_UserNameField -->
  <testcase classname="org.automation.LoginRegisterTestCases" name="validate_Without_userName" time="0.0">
    <ignored/>
  </testcase> <!-- validate_Without_userName -->
  <testcase classname="org.automation.LoginRegisterTestCases" name="validate_LostYourPasswordBtn" time="0.0">
    <ignored/>
  </testcase> <!-- validate_LostYourPasswordBtn -->
  <testcase classname="org.automation.LoginRegisterTestCases" name="validate_WronginputEntered_In_PWDField" time="0.0">
    <ignored/>
  </testcase> <!-- validate_WronginputEntered_In_PWDField -->
</testsuite> <!-- Default test -->
