<?xml version="1.0" encoding="UTF-8"?>
<!-- Generated by org.testng.reporters.JUnitXMLReporter -->
<testsuite ignored="0" hostname="DESKTOP-KD0AJIH" failures="0" tests="19" name="MyTests" time="284.629" errors="0" timestamp="2025-09-22T16:25:20 IST">
  <testcase classname="org.automation.CartDetailsTestCase" name="CartDetails" time="12.826"/>
  <testcase classname="org.automation.CategoryDropDownTestCase" name="selectCategoryDropDown" time="5.923"/>
  <testcase classname="org.automation.CategoryDropDownTestCase" name="selectMensClothingandAddingToCartTestCase" time="12.255"/>
  <testcase classname="org.automation.CategoryDropDownTestCase" name="sliderTestCase" time="10.807"/>
  <testcase classname="org.automation.CheckOutTestCase" name="checkingOutTestCase" time="17.024"/>
  <testcase classname="org.automation.CheckOutTestCase" name="checkingOutTestCase" time="18.66"/>
  <testcase classname="org.automation.CheckOutTestCase" name="checkingOutWithRegistrationTestCase" time="21.551"/>
  <testcase classname="org.automation.DropDownTestCase" name="selectAllDropDownOptions" time="27.002"/>
  <testcase classname="org.automation.DropDownTestCase" name="selectDropDownByText" time="14.094"/>
  <testcase classname="org.automation.DropDownTestCase" name="selectDropDownByValue" time="9.369"/>
  <testcase classname="org.automation.DropDownTestCase" name="selectDropDownByIndex" time="12.324"/>
  <testcase classname="org.automation.LoginRegisterTestCases" name="loginWithValidCredentials" time="8.856"/>
  <testcase classname="org.automation.LoginRegisterTestCases" name="validate_AccountPage_Landing" time="11.315"/>
  <testcase classname="org.automation.LoginRegisterTestCases" name="validate_LostYourPasswordBtn" time="6.506"/>
  <testcase classname="org.automation.LoginRegisterTestCases" name="validate_With_EmptyPasswordField" time="10.009"/>
  <testcase classname="org.automation.LoginRegisterTestCases" name="validate_Without_userName" time="8.927"/>
  <testcase classname="org.automation.LoginRegisterTestCases" name="validate_WronginputEntered_In_PWDField" time="7.686"/>
  <testcase classname="org.automation.LoginRegisterTestCases" name="validate_WronginputEntered_In_UserNameField" time="6.293"/>
  <testcase classname="org.automation.OrderPageTestCase" name="validateSuccessMessage" time="16.691"/>
</testsuite> <!-- MyTests -->
