<?xml version="1.0" encoding="UTF-8"?>
<!-- Generated by org.testng.reporters.JUnitXMLReporter -->
<testsuite ignored="0" hostname="DESKTOP-KD0AJIH" failures="0" tests="12" name="Tests" time="214.501" errors="0" timestamp="2025-09-06T17:19:15 IST">
  <testcase classname="org.automation.CheckOutTestCase" name="checkingOutTestCase" time="16.475"/>
  <testcase classname="org.automation.CheckOutTestCase" name="checkingOutTestCase" time="17.975"/>
  <testcase classname="org.automation.CheckOutTestCase" name="checkingOutWithRegistrationTestCase" time="19.66"/>
  <testcase classname="org.automation.CartDetailsTestCase" name="CartDetails" time="13.169"/>
  <testcase classname="org.automation.OrderPageTestCase" name="validateSuccessMessage" time="19.204"/>
  <testcase classname="org.automation.DropDownTestCase" name="selectAllDropDownOptions" time="32.397"/>
  <testcase classname="org.automation.DropDownTestCase" name="selectDropDownByText" time="11.621"/>
  <testcase classname="org.automation.DropDownTestCase" name="selectDropDownByValue" time="9.156"/>
  <testcase classname="org.automation.DropDownTestCase" name="selectDropDownByIndex" time="12.42"/>
  <testcase classname="org.automation.CategoryDropDownTestCase" name="selectCategoryDropDown" time="6.344"/>
  <testcase classname="org.automation.CategoryDropDownTestCase" name="selectMensClothingandAddingToCartTestCase" time="13.346"/>
  <testcase classname="org.automation.CategoryDropDownTestCase" name="sliderTestCase" time="16.007"/>
</testsuite> <!-- Tests -->
