<?xml version="1.0" encoding="UTF-8"?>
<!-- Generated by org.testng.reporters.JUnitXMLReporter -->
<testsuite ignored="0" hostname="DESKTOP-KD0AJIH" failures="0" tests="10" name="Tests" time="163.103" errors="0" timestamp="2025-09-04T15:24:37 IST">
  <testcase classname="org.automation.CheckOutTestCase" name="checkingOutTestCase" time="18.011"/>
  <testcase classname="org.automation.CartDetailsTestCase" name="CartDetails" time="14.184"/>
  <testcase classname="org.automation.OrderPageTestCase" name="validateSuccessMessage" time="16.952"/>
  <testcase classname="org.automation.DropDownTestCase" name="selectAllDropDownOptions" time="24.727"/>
  <testcase classname="org.automation.DropDownTestCase" name="selectDropDownByText" time="10.939"/>
  <testcase classname="org.automation.DropDownTestCase" name="selectDropDownByValue" time="8.226"/>
  <testcase classname="org.automation.DropDownTestCase" name="selectDropDownByIndex" time="12.581"/>
  <testcase classname="org.automation.CategoryDropDownTestCase" name="selectCategoryDropDown" time="7.181"/>
  <testcase classname="org.automation.CategoryDropDownTestCase" name="selectMensClothingandAddingToCartTestCase" time="10.506"/>
  <testcase classname="org.automation.CategoryDropDownTestCase" name="sliderTestCase" time="14.125"/>
</testsuite> <!-- Tests -->
