<?xml version="1.0" encoding="UTF-8"?>
<testng-results ignored="2" total="3" passed="1" failed="0" skipped="0">
  <reporter-output>
  </reporter-output>
  <suite started-at="2025-10-09T17:31:02 IST" name="Default suite" finished-at="2025-10-09T17:31:38 IST" duration-ms="35573">
    <groups>
    </groups>
    <test started-at="2025-10-09T17:31:02 IST" name="Default test" finished-at="2025-10-09T17:31:38 IST" duration-ms="35573">
      <class name="org.automation.CheckOutTestCase">
        <test-method is-config="true" signature="startDriver()[pri:0, instance:org.automation.CheckOutTestCase@121c54fa]" started-at="2025-10-09T17:31:02 IST" name="startDriver" finished-at="2025-10-09T17:31:07 IST" duration-ms="4804" status="PASS">
          <reporter-output>
          </reporter-output>
        </test-method> <!-- startDriver -->
        <test-method signature="addAllItemsOnPageOneToCartAndCheckOutTest()[pri:0, instance:org.automation.CheckOutTestCase@121c54fa]" started-at="2025-10-09T17:31:08 IST" name="addAllItemsOnPageOneToCartAndCheckOutTest" finished-at="2025-10-09T17:31:37 IST" duration-ms="29719" status="PASS">
          <reporter-output>
          </reporter-output>
        </test-method> <!-- addAllItemsOnPageOneToCartAndCheckOutTest -->
        <test-method is-config="true" signature="quitDriver(org.testng.ITestResult)[pri:0, instance:org.automation.CheckOutTestCase@121c54fa]" started-at="2025-10-09T17:31:37 IST" name="quitDriver" finished-at="2025-10-09T17:31:38 IST" duration-ms="429" status="PASS">
          <params>
            <param index="0">
              <value>
                <![CDATA[[TestResult name=addAllItemsOnPageOneToCartAndCheckOutTest status=SUCCESS method=CheckOutTestCase.addAllItemsOnPageOneToCartAndCheckOutTest()[pri:0, instance:org.automation.CheckOutTestCase@121c54fa] output={null}]]]>
              </value>
            </param>
          </params>
          <reporter-output>
          </reporter-output>
        </test-method> <!-- quitDriver -->
      </class> <!-- org.automation.CheckOutTestCase -->
    </test> <!-- Default test -->
  </suite> <!-- Default suite -->
</testng-results>
